9/29/2024 9:26:43 PM
GlazeWM.Infrastructure.Exceptions.FatalUserException: Failed to parse user config. (Line: 197, Col: 3, Idx: 5921) - (Line: 197, Col: 3, Idx: 5921): While parsing a block collection, did not find expected '-' indicator.
   at GlazeWM.Domain.UserConfigs.CommandHandlers.EvaluateUserConfigHandler.DeserializeUserConfig(String userConfigPath) in D:\a\glazewm\glazewm\GlazeWM.Domain\UserConfigs\CommandHandlers\EvaluateUserConfigHandler.cs:line 109
   at GlazeWM.Domain.UserConfigs.CommandHandlers.EvaluateUserConfigHandler.Handle(EvaluateUserConfigCommand command) in D:\a\glazewm\glazewm\GlazeWM.Domain\UserConfigs\CommandHandlers\EvaluateUserConfigHandler.cs:line 49
   at GlazeWM.Infrastructure.Bussing.Bus.Invoke[T](T command) in D:\a\glazewm\glazewm\GlazeWM.Infrastructure\Bussing\Bus.cs:line 48
   at GlazeWM.Domain.UserConfigs.CommandHandlers.ReloadUserConfigHandler.Handle(ReloadUserConfigCommand command) in D:\a\glazewm\glazewm\GlazeWM.Domain\UserConfigs\CommandHandlers\ReloadUserConfigHandler.cs:line 35
   at GlazeWM.Infrastructure.Bussing.Bus.Invoke[T](T command) in D:\a\glazewm\glazewm\GlazeWM.Infrastructure\Bussing\Bus.cs:line 48
   at CallSite.Target(Closure, CallSite, Bus, Object)
   at System.Dynamic.UpdateDelegates.UpdateAndExecuteVoid2[T0,T1](CallSite site, T0 arg0, T1 arg1)
   at GlazeWM.Domain.UserConfigs.CommandHandlers.RunWithSubjectContainerHandler.Handle(RunWithSubjectContainerCommand command) in D:\a\glazewm\glazewm\GlazeWM.Domain\UserConfigs\CommandHandlers\RunWithSubjectContainerHandler.cs:line 28
   at GlazeWM.Infrastructure.Bussing.Bus.Invoke[T](T command) in D:\a\glazewm\glazewm\GlazeWM.Infrastructure\Bussing\Bus.cs:line 48
   at GlazeWM.Domain.UserConfigs.CommandHandlers.RegisterKeybindingsHandler.<>c__DisplayClass4_0.<Handle>b__1() in D:\a\glazewm\glazewm\GlazeWM.Domain\UserConfigs\CommandHandlers\RegisterKeybindingsHandler.cs:line 55
Command history: HandleFatalExceptionCommand, EvaluateUserConfigCommand, ReloadUserConfigCommand, RunWithSubjectContainerCommand, SetActiveWindowBorderCommand, SyncNativeFocusCommand, RedrawContainersCommand, RunWithSubjectContainerCommand, SetFocusedDescendantCommand, ResizeContainerCommand, AttachContainerCommand, ManageWindowCommand, SyncNativeFocusCommand, RedrawContainersCommand, ExecProcessCommand 
State dump: {"id":"57b72297-a7bb-41f9-bb37-961ad70192c2","x":0,"y":0,"width":0,"height":0,"type":"root","focus_index":0,"children":[{"device_name":"\\\\.\\DISPLAY1","id":"7c727fd1-9b7a-4803-9686-a8ce96eca93a","x":0,"y":0,"width":1920,"height":1020,"type":"monitor","focus_index":0,"children":[{"tiling_direction":"horizontal","size_percentage":1,"name":"1","id":"0298afcd-8870-48ac-ba6c-fc32203dfff5","x":20,"y":58,"width":1880,"height":942,"type":"workspace","focus_index":0,"children":[{"floating_placement":{"left":13,"top":54,"right":1907,"bottom":1004,"x":13,"y":54,"width":1894,"height":950},"border_delta":{"left":7,"top":0,"right":7,"bottom":7},"handle":788066,"size_percentage":0.33333333333333337,"id":"ed4cfc48-63f9-4045-b188-aaef2eae3779","x":20,"y":58,"width":613,"height":942,"type":"window","focus_index":2,"children":[]},{"floating_placement":{"left":331,"top":204,"right":1590,"bottom":854,"x":331,"y":204,"width":1259,"height":650},"border_delta":{"left":7,"top":0,"right":7,"bottom":7},"handle":2098948,"size_percentage":0.33333333333333337,"id":"14c4f947-ba89-4c66-85d7-4d3ad5ec47f4","x":653,"y":58,"width":613,"height":942,"type":"window","focus_index":1,"children":[]},{"floating_placement":{"left":331,"top":204,"right":1590,"bottom":854,"x":331,"y":204,"width":1259,"height":650},"border_delta":{"left":7,"top":0,"right":7,"bottom":7},"handle":264204,"size_percentage":0.3333333333333333,"id":"547dccae-9439-47d5-b7f1-29db89c38d8f","x":1286,"y":58,"width":613,"height":942,"type":"window","focus_index":0,"children":[]}]}]}]}

9/29/2024 9:27:51 PM
GlazeWM.Infrastructure.Exceptions.FatalUserException: Failed to parse user config. (Line: 197, Col: 3, Idx: 5922) - (Line: 197, Col: 3, Idx: 5922): While parsing a block collection, did not find expected '-' indicator.
   at GlazeWM.Domain.UserConfigs.CommandHandlers.EvaluateUserConfigHandler.DeserializeUserConfig(String userConfigPath) in D:\a\glazewm\glazewm\GlazeWM.Domain\UserConfigs\CommandHandlers\EvaluateUserConfigHandler.cs:line 109
   at GlazeWM.Domain.UserConfigs.CommandHandlers.EvaluateUserConfigHandler.Handle(EvaluateUserConfigCommand command) in D:\a\glazewm\glazewm\GlazeWM.Domain\UserConfigs\CommandHandlers\EvaluateUserConfigHandler.cs:line 49
   at GlazeWM.Infrastructure.Bussing.Bus.Invoke[T](T command) in D:\a\glazewm\glazewm\GlazeWM.Infrastructure\Bussing\Bus.cs:line 41
   at GlazeWM.Domain.Common.CommandHandlers.PopulateInitialStateHandler.Handle(PopulateInitialStateCommand command) in D:\a\glazewm\glazewm\GlazeWM.Domain\Common\CommandHandlers\PopulateInitialStateHandler.cs:line 41
   at GlazeWM.Infrastructure.Bussing.Bus.Invoke[T](T command) in D:\a\glazewm\glazewm\GlazeWM.Infrastructure\Bussing\Bus.cs:line 41
   at GlazeWM.App.WindowManager.WmStartup.Run()
Command history: HandleFatalExceptionCommand, EvaluateUserConfigCommand, PopulateInitialStateCommand 
State dump: {"id":"b418a9a2-9aa4-4fa5-a574-49e2915ba837","x":0,"y":0,"width":0,"height":0,"type":"root","focus_index":0,"children":[]}

9/29/2024 9:28:09 PM
GlazeWM.Infrastructure.Exceptions.FatalUserException: Failed to parse user config. (Line: 197, Col: 3, Idx: 5922) - (Line: 197, Col: 3, Idx: 5922): While parsing a block collection, did not find expected '-' indicator.
   at GlazeWM.Domain.UserConfigs.CommandHandlers.EvaluateUserConfigHandler.DeserializeUserConfig(String userConfigPath) in D:\a\glazewm\glazewm\GlazeWM.Domain\UserConfigs\CommandHandlers\EvaluateUserConfigHandler.cs:line 109
   at GlazeWM.Domain.UserConfigs.CommandHandlers.EvaluateUserConfigHandler.Handle(EvaluateUserConfigCommand command) in D:\a\glazewm\glazewm\GlazeWM.Domain\UserConfigs\CommandHandlers\EvaluateUserConfigHandler.cs:line 49
   at GlazeWM.Infrastructure.Bussing.Bus.Invoke[T](T command) in D:\a\glazewm\glazewm\GlazeWM.Infrastructure\Bussing\Bus.cs:line 41
   at GlazeWM.Domain.Common.CommandHandlers.PopulateInitialStateHandler.Handle(PopulateInitialStateCommand command) in D:\a\glazewm\glazewm\GlazeWM.Domain\Common\CommandHandlers\PopulateInitialStateHandler.cs:line 41
   at GlazeWM.Infrastructure.Bussing.Bus.Invoke[T](T command) in D:\a\glazewm\glazewm\GlazeWM.Infrastructure\Bussing\Bus.cs:line 41
   at GlazeWM.App.WindowManager.WmStartup.Run()
Command history: HandleFatalExceptionCommand, EvaluateUserConfigCommand, PopulateInitialStateCommand 
State dump: {"id":"8c772a95-5a2c-4a0f-a546-dde821d20dc6","x":0,"y":0,"width":0,"height":0,"type":"root","focus_index":0,"children":[]}

