[2m2024-10-01T22:33:30.206377Z[0m [31mERROR[0m [2mglazewm[0m[2m:[0m keybindings[24]: missing field `bindings` at line 216 column 5
[2m2024-10-01T22:34:06.699762Z[0m [31mERROR[0m [2mglazewm[0m[2m:[0m keybindings[24]: missing field `bindings` at line 216 column 5
[2m2024-10-28T13:25:22.420976Z[0m [31mERROR[0m [2mglazewm[0m[2m:[0m Another instance of the application is already running.
[2m2024-11-21T18:21:54.719874Z[0m [31mERROR[0m [2mglazewm[0m[2m:[0m Another instance of the application is already running.
[2m2024-11-25T16:25:56.139278Z[0m [31mERROR[0m [2mglazewm[0m[2m:[0m Another instance of the application is already running.
[2m2025-02-10T17:01:36.993005Z[0m [31mERROR[0m [2mglazewm[0m[2m:[0m duplicate field `window_rules`
[2m2025-02-10T17:03:04.238212Z[0m [31mERROR[0m [2mglazewm[0m[2m:[0m duplicate field `window_rules`
[2m2025-02-10T17:03:13.334721Z[0m [31mERROR[0m [2mglazewm[0m[2m:[0m workspaces[9]: missing field `name` at line 231 column 5
[2m2025-02-10T17:06:10.975821Z[0m [31mERROR[0m [2mglazewm[0m[2m:[0m Another instance of the application is already running.
[2m2025-02-10T17:06:36.821611Z[0m [31mERROR[0m [2mglazewm[0m[2m:[0m window_rules[0]: missing field `commands` at line 99 column 9
[2m2025-02-10T17:06:39.478355Z[0m [31mERROR[0m [2mglazewm[0m[2m:[0m window_rules[0]: missing field `commands` at line 99 column 9
[2m2025-02-10T17:06:52.023599Z[0m [31mERROR[0m [2mglazewm[0m[2m:[0m window_rules[0]: missing field `commands` at line 99 column 9
[2m2025-02-10T17:49:09.768478Z[0m [31mERROR[0m [2mglazewm[0m[2m:[0m Another instance of the application is already running.
[2m2025-02-10T19:19:50.170336Z[0m [31mERROR[0m [2mglazewm[0m[2m:[0m No workspace config available to activate workspace.
[2m2025-02-10T19:20:07.332919Z[0m [31mERROR[0m [2mglazewm[0m[2m:[0m Failed to get workspace of nearest monitor.
[2m2025-02-10T19:20:11.670494Z[0m [31mERROR[0m [2mglazewm[0m[2m:[0m Failed to get workspace of nearest monitor.
[2m2025-02-10T19:20:13.376387Z[0m [31mERROR[0m [2mglazewm[0m[2m:[0m Failed to get workspace of nearest monitor.
[2m2025-02-10T19:20:13.899057Z[0m [31mERROR[0m [2mglazewm[0m[2m:[0m Failed to get workspace of nearest monitor.
[2m2025-02-10T19:20:14.102716Z[0m [31mERROR[0m [2mglazewm[0m[2m:[0m Failed to get workspace of nearest monitor.
[2m2025-02-10T19:20:43.794627Z[0m [31mERROR[0m [2mglazewm[0m[2m:[0m Failed to get workspace of nearest monitor.
